c:\cppprojects\cse872\tutorial4\debug\lab.pch
c:\cppprojects\cse872\tutorial4\debug\vc141.pdb
c:\cppprojects\cse872\tutorial4\debug\vc141.idb
c:\cppprojects\cse872\tutorial4\debug\stdafx.obj
c:\cppprojects\cse872\tutorial4\debug\mainfrm.obj
c:\cppprojects\cse872\tutorial4\debug\lab.obj
c:\cppprojects\cse872\tutorial4\debug\texture.obj
c:\cppprojects\cse872\tutorial4\debug\openglwnd.obj
c:\cppprojects\cse872\tutorial4\debug\grcamera.obj
c:\cppprojects\cse872\tutorial4\debug\childview.obj
c:\cppprojects\cse872\tutorial4\debug\lab.exe
c:\cppprojects\cse872\tutorial4\debug\lab.ilk
c:\cppprojects\cse872\tutorial4\debug\lab.pdb
c:\cppprojects\cse872\tutorial4\debug\lab.res
c:\cppprojects\cse872\tutorial4\.\debug\lab.exe
c:\cppprojects\cse872\tutorial4\debug\lab.tlog\cl.command.1.tlog
c:\cppprojects\cse872\tutorial4\debug\lab.tlog\cl.read.1.tlog
c:\cppprojects\cse872\tutorial4\debug\lab.tlog\cl.write.1.tlog
c:\cppprojects\cse872\tutorial4\debug\lab.tlog\link.command.1.tlog
c:\cppprojects\cse872\tutorial4\debug\lab.tlog\link.read.1.tlog
c:\cppprojects\cse872\tutorial4\debug\lab.tlog\link.write.1.tlog
c:\cppprojects\cse872\tutorial4\debug\lab.tlog\rc.command.1.tlog
c:\cppprojects\cse872\tutorial4\debug\lab.tlog\rc.read.1.tlog
c:\cppprojects\cse872\tutorial4\debug\lab.tlog\rc.write.1.tlog
